app/build/intermediates/manifest_merge_blame_file/debug/processDebugMainManifest/manifest-merger-blame-debug-report.txt
1<?xml version="1.0" encoding="utf-8"?>
2<manifest xmlns:android="http://schemas.android.com/apk/res/android"
3    package="com.techducat.ajo"
4    android:versionCode="1"
5    android:versionName="0.0.1" >
6
7    <uses-sdk
8        android:minSdkVersion="24"
9        android:targetSdkVersion="35" />
10
11    <!-- Permissions -->
12    <uses-permission android:name="android.permission.INTERNET" />
12-->src/main/AndroidManifest.xml:6:5-67
12-->src/main/AndroidManifest.xml:6:22-64
13    <uses-permission android:name="android.permission.ACCESS_NETWORK_STATE" />
13-->src/main/AndroidManifest.xml:7:5-79
13-->src/main/AndroidManifest.xml:7:22-76
14    <uses-permission android:name="android.permission.USE_BIOMETRIC" /> <!-- suppress DeprecatedClassUsageInspection -->
14-->[androidx.biometric:biometric:1.2.0-alpha05] AndroidManifest.xml:22:5-72
14-->[androidx.biometric:biometric:1.2.0-alpha05] AndroidManifest.xml:22:22-69
15    <uses-permission android:name="android.permission.USE_FINGERPRINT" />
15-->[androidx.biometric:biometric:1.2.0-alpha05] AndroidManifest.xml:25:5-74
15-->[androidx.biometric:biometric:1.2.0-alpha05] AndroidManifest.xml:25:22-71
16    <uses-permission android:name="android.permission.WAKE_LOCK" />
16-->[androidx.work:work-runtime:2.8.1] AndroidManifest.xml:23:5-68
16-->[androidx.work:work-runtime:2.8.1] AndroidManifest.xml:23:22-65
17    <uses-permission android:name="android.permission.RECEIVE_BOOT_COMPLETED" />
17-->[androidx.work:work-runtime:2.8.1] AndroidManifest.xml:25:5-81
17-->[androidx.work:work-runtime:2.8.1] AndroidManifest.xml:25:22-78
18    <uses-permission android:name="android.permission.FOREGROUND_SERVICE" />
18-->[androidx.work:work-runtime:2.8.1] AndroidManifest.xml:26:5-77
18-->[androidx.work:work-runtime:2.8.1] AndroidManifest.xml:26:22-74
19
20    <permission
20-->[androidx.core:core:1.15.0] AndroidManifest.xml:22:5-24:47
21        android:name="com.techducat.ajo.DYNAMIC_RECEIVER_NOT_EXPORTED_PERMISSION"
21-->[androidx.core:core:1.15.0] AndroidManifest.xml:23:9-81
22        android:protectionLevel="signature" />
22-->[androidx.core:core:1.15.0] AndroidManifest.xml:24:9-44
23
24    <uses-permission android:name="com.techducat.ajo.DYNAMIC_RECEIVER_NOT_EXPORTED_PERMISSION" />
24-->[androidx.core:core:1.15.0] AndroidManifest.xml:26:5-97
24-->[androidx.core:core:1.15.0] AndroidManifest.xml:26:22-94
25    <uses-permission android:name="com.google.android.providers.gsf.permission.READ_GSERVICES" />
25-->[com.google.android.recaptcha:recaptcha:18.4.0] AndroidManifest.xml:9:5-98
25-->[com.google.android.recaptcha:recaptcha:18.4.0] AndroidManifest.xml:9:22-95
26    <uses-permission android:name="android.permission.CAMERA" /> <!-- Don't require camera, as this requires a rear camera. This allows it to work on the Nexus 7 -->
26-->[com.journeyapps:zxing-android-embedded:4.3.0] AndroidManifest.xml:22:5-65
26-->[com.journeyapps:zxing-android-embedded:4.3.0] AndroidManifest.xml:22:22-62
27    <uses-feature
27-->[com.journeyapps:zxing-android-embedded:4.3.0] AndroidManifest.xml:25:5-27:36
28        android:name="android.hardware.camera"
28-->[com.journeyapps:zxing-android-embedded:4.3.0] AndroidManifest.xml:26:9-47
29        android:required="false" />
29-->[com.journeyapps:zxing-android-embedded:4.3.0] AndroidManifest.xml:27:9-33
30    <uses-feature
30-->[com.journeyapps:zxing-android-embedded:4.3.0] AndroidManifest.xml:28:5-30:36
31        android:name="android.hardware.camera.front"
31-->[com.journeyapps:zxing-android-embedded:4.3.0] AndroidManifest.xml:29:9-53
32        android:required="false" /> <!-- TODO replace above two with next line after Android 4.2 -->
32-->[com.journeyapps:zxing-android-embedded:4.3.0] AndroidManifest.xml:30:9-33
33    <!-- <uses-feature android:name="android.hardware.camera.any"/> -->
34    <uses-feature
34-->[com.journeyapps:zxing-android-embedded:4.3.0] AndroidManifest.xml:33:5-35:36
35        android:name="android.hardware.camera.autofocus"
35-->[com.journeyapps:zxing-android-embedded:4.3.0] AndroidManifest.xml:34:9-57
36        android:required="false" />
36-->[com.journeyapps:zxing-android-embedded:4.3.0] AndroidManifest.xml:35:9-33
37    <uses-feature
37-->[com.journeyapps:zxing-android-embedded:4.3.0] AndroidManifest.xml:36:5-38:36
38        android:name="android.hardware.camera.flash"
38-->[com.journeyapps:zxing-android-embedded:4.3.0] AndroidManifest.xml:37:9-53
39        android:required="false" />
39-->[com.journeyapps:zxing-android-embedded:4.3.0] AndroidManifest.xml:38:9-33
40    <uses-feature
40-->[com.journeyapps:zxing-android-embedded:4.3.0] AndroidManifest.xml:39:5-41:36
41        android:name="android.hardware.screen.landscape"
41-->[com.journeyapps:zxing-android-embedded:4.3.0] AndroidManifest.xml:40:9-57
42        android:required="false" />
42-->[com.journeyapps:zxing-android-embedded:4.3.0] AndroidManifest.xml:41:9-33
43    <uses-feature
43-->[com.journeyapps:zxing-android-embedded:4.3.0] AndroidManifest.xml:42:5-44:36
44        android:name="android.hardware.wifi"
44-->[com.journeyapps:zxing-android-embedded:4.3.0] AndroidManifest.xml:43:9-45
45        android:required="false" />
45-->[com.journeyapps:zxing-android-embedded:4.3.0] AndroidManifest.xml:44:9-33
46
47    <application
47-->src/main/AndroidManifest.xml:9:5-127:19
48        android:name="com.techducat.ajo.AjoApplication"
48-->src/main/AndroidManifest.xml:10:9-39
49        android:allowBackup="true"
49-->src/main/AndroidManifest.xml:11:9-35
50        android:appComponentFactory="androidx.core.app.CoreComponentFactory"
50-->[androidx.core:core:1.15.0] AndroidManifest.xml:28:18-86
51        android:dataExtractionRules="@xml/data_extraction_rules"
51-->src/main/AndroidManifest.xml:12:9-65
52        android:debuggable="true"
53        android:extractNativeLibs="false"
54        android:fullBackupContent="@xml/backup_rules"
54-->src/main/AndroidManifest.xml:13:9-54
55        android:icon="@mipmap/ic_launcher"
55-->src/main/AndroidManifest.xml:14:9-43
56        android:label="@string/app_name"
56-->src/main/AndroidManifest.xml:15:9-41
57        android:roundIcon="@mipmap/ic_launcher_round"
57-->src/main/AndroidManifest.xml:16:9-54
58        android:supportsRtl="true"
58-->src/main/AndroidManifest.xml:17:9-35
59        android:theme="@style/Theme.Ajo"
59-->src/main/AndroidManifest.xml:18:9-41
60        android:usesCleartextTraffic="true" >
60-->src/main/AndroidManifest.xml:19:9-44
61
62        <!-- Splash Screen - Initial Launch -->
63        <activity
63-->src/main/AndroidManifest.xml:23:9-78:20
64            android:name="com.techducat.ajo.ui.splash.SplashActivity"
64-->src/main/AndroidManifest.xml:24:13-53
65            android:exported="true"
65-->src/main/AndroidManifest.xml:25:13-36
66            android:launchMode="singleTask"
66-->src/main/AndroidManifest.xml:27:13-44
67            android:theme="@style/Theme.Ajo.Splash" >
67-->src/main/AndroidManifest.xml:26:13-52
68            <intent-filter>
68-->src/main/AndroidManifest.xml:28:13-31:29
69                <action android:name="android.intent.action.MAIN" />
69-->src/main/AndroidManifest.xml:29:17-69
69-->src/main/AndroidManifest.xml:29:25-66
70
71                <category android:name="android.intent.category.LAUNCHER" />
71-->src/main/AndroidManifest.xml:30:17-77
71-->src/main/AndroidManifest.xml:30:27-74
72            </intent-filter>
73
74            <!-- Deep Link Support: ajo://join?ref=ABC123&rosca=xyz -->
75            <intent-filter android:autoVerify="true" >
75-->src/main/AndroidManifest.xml:34:13-42:29
75-->src/main/AndroidManifest.xml:34:28-53
76                <action android:name="android.intent.action.VIEW" />
76-->src/main/AndroidManifest.xml:35:17-69
76-->src/main/AndroidManifest.xml:35:25-66
77
78                <category android:name="android.intent.category.DEFAULT" />
78-->src/main/AndroidManifest.xml:36:17-76
78-->src/main/AndroidManifest.xml:36:27-73
79                <category android:name="android.intent.category.BROWSABLE" />
79-->src/main/AndroidManifest.xml:37:17-78
79-->src/main/AndroidManifest.xml:37:27-75
80
81                <data
81-->src/main/AndroidManifest.xml:39:17-41:43
82                    android:host="join"
82-->src/main/AndroidManifest.xml:41:21-40
83                    android:scheme="ajo" />
83-->src/main/AndroidManifest.xml:40:21-41
84            </intent-filter>
85
86            <!-- Web Link Support: https://ajo.app/join?ref=ABC123&rosca=xyz -->
87            <intent-filter android:autoVerify="true" >
87-->src/main/AndroidManifest.xml:45:13-54:29
87-->src/main/AndroidManifest.xml:45:28-53
88                <action android:name="android.intent.action.VIEW" />
88-->src/main/AndroidManifest.xml:35:17-69
88-->src/main/AndroidManifest.xml:35:25-66
89
90                <category android:name="android.intent.category.DEFAULT" />
90-->src/main/AndroidManifest.xml:36:17-76
90-->src/main/AndroidManifest.xml:36:27-73
91                <category android:name="android.intent.category.BROWSABLE" />
91-->src/main/AndroidManifest.xml:37:17-78
91-->src/main/AndroidManifest.xml:37:27-75
92
93                <data
93-->src/main/AndroidManifest.xml:39:17-41:43
94                    android:host="ajo.app"
94-->src/main/AndroidManifest.xml:41:21-40
95                    android:pathPrefix="/join"
95-->src/main/AndroidManifest.xml:53:21-47
96                    android:scheme="https" />
96-->src/main/AndroidManifest.xml:40:21-41
97            </intent-filter>
98
99            <!-- Alternative Web Link: https://www.ajo.app/join?ref=ABC123&rosca=xyz -->
100            <intent-filter android:autoVerify="true" >
100-->src/main/AndroidManifest.xml:57:13-66:29
100-->src/main/AndroidManifest.xml:57:28-53
101                <action android:name="android.intent.action.VIEW" />
101-->src/main/AndroidManifest.xml:35:17-69
101-->src/main/AndroidManifest.xml:35:25-66
102
103                <category android:name="android.intent.category.DEFAULT" />
103-->src/main/AndroidManifest.xml:36:17-76
103-->src/main/AndroidManifest.xml:36:27-73
104                <category android:name="android.intent.category.BROWSABLE" />
104-->src/main/AndroidManifest.xml:37:17-78
104-->src/main/AndroidManifest.xml:37:27-75
105
106                <data
106-->src/main/AndroidManifest.xml:39:17-41:43
107                    android:host="www.ajo.app"
107-->src/main/AndroidManifest.xml:41:21-40
108                    android:pathPrefix="/join"
108-->src/main/AndroidManifest.xml:53:21-47
109                    android:scheme="https" />
109-->src/main/AndroidManifest.xml:40:21-41
110            </intent-filter>
111
112            <!-- Alternative Deep Link: ajo://invite?ref=ABC123&rosca=xyz -->
113            <intent-filter>
113-->src/main/AndroidManifest.xml:69:13-77:29
114                <action android:name="android.intent.action.VIEW" />
114-->src/main/AndroidManifest.xml:35:17-69
114-->src/main/AndroidManifest.xml:35:25-66
115
116                <category android:name="android.intent.category.DEFAULT" />
116-->src/main/AndroidManifest.xml:36:17-76
116-->src/main/AndroidManifest.xml:36:27-73
117                <category android:name="android.intent.category.BROWSABLE" />
117-->src/main/AndroidManifest.xml:37:17-78
117-->src/main/AndroidManifest.xml:37:27-75
118
119                <data
119-->src/main/AndroidManifest.xml:39:17-41:43
120                    android:host="invite"
120-->src/main/AndroidManifest.xml:41:21-40
121                    android:scheme="ajo" />
121-->src/main/AndroidManifest.xml:40:21-41
122            </intent-filter>
123        </activity>
124
125        <!-- Main Activity -->
126        <activity
126-->src/main/AndroidManifest.xml:81:9-84:46
127            android:name="com.techducat.ajo.ui.MainActivity"
127-->src/main/AndroidManifest.xml:82:13-44
128            android:exported="false"
128-->src/main/AndroidManifest.xml:83:13-37
129            android:launchMode="singleTop" />
129-->src/main/AndroidManifest.xml:84:13-43
130
131        <!-- Create ROSCA Activity -->
132        <activity
132-->src/main/AndroidManifest.xml:87:9-91:61
133            android:name="com.techducat.ajo.ui.create.CreateRoscaActivity"
133-->src/main/AndroidManifest.xml:88:13-58
134            android:exported="false"
134-->src/main/AndroidManifest.xml:89:13-37
135            android:parentActivityName="com.techducat.ajo.ui.MainActivity"
135-->src/main/AndroidManifest.xml:91:13-58
136            android:windowSoftInputMode="adjustResize" />
136-->src/main/AndroidManifest.xml:90:13-55
137
138        <!-- ROSCA Detail Activity -->
139        <activity
139-->src/main/AndroidManifest.xml:94:9-97:61
140            android:name="com.techducat.ajo.ui.detail.RoscaDetailActivity"
140-->src/main/AndroidManifest.xml:95:13-58
141            android:exported="false"
141-->src/main/AndroidManifest.xml:96:13-37
142            android:parentActivityName="com.techducat.ajo.ui.MainActivity" />
142-->src/main/AndroidManifest.xml:97:13-58
143
144        <!-- Invite Activity -->
145        <activity
145-->src/main/AndroidManifest.xml:100:9-104:61
146            android:name="com.techducat.ajo.ui.invite.InviteActivity"
146-->src/main/AndroidManifest.xml:101:13-53
147            android:exported="false"
147-->src/main/AndroidManifest.xml:102:13-37
148            android:parentActivityName="com.techducat.ajo.ui.MainActivity"
148-->src/main/AndroidManifest.xml:104:13-58
149            android:windowSoftInputMode="adjustResize" />
149-->src/main/AndroidManifest.xml:103:13-55
150
151        <!-- Group Contributions Activity -->
152        <activity
152-->src/main/AndroidManifest.xml:107:9-110:61
153            android:name="com.techducat.ajo.ui.contributions.GroupContributionsActivity"
153-->src/main/AndroidManifest.xml:108:13-72
154            android:exported="false"
154-->src/main/AndroidManifest.xml:109:13-37
155            android:parentActivityName="com.techducat.ajo.ui.MainActivity" />
155-->src/main/AndroidManifest.xml:110:13-58
156
157        <!-- Exchange Activity -->
158        <activity
158-->src/main/AndroidManifest.xml:113:9-116:61
159            android:name="com.techducat.ajo.ui.exchange.ExchangeActivity"
159-->src/main/AndroidManifest.xml:114:13-57
160            android:exported="false"
160-->src/main/AndroidManifest.xml:115:13-37
161            android:parentActivityName="com.techducat.ajo.ui.MainActivity" />
161-->src/main/AndroidManifest.xml:116:13-58
162
163        <!-- Notification Service -->
164        <service
164-->src/main/AndroidManifest.xml:119:9-121:40
165            android:name="com.techducat.ajo.service.NotificationService"
165-->src/main/AndroidManifest.xml:120:13-56
166            android:exported="false" />
166-->src/main/AndroidManifest.xml:121:13-37
167
168        <!-- Sync Service -->
169        <service
169-->src/main/AndroidManifest.xml:124:9-126:40
170            android:name="com.techducat.ajo.service.SyncService"
170-->src/main/AndroidManifest.xml:125:13-48
171            android:exported="false" />
171-->src/main/AndroidManifest.xml:126:13-37
172
173        <activity
173-->[com.google.android.gms:play-services-auth:20.7.0] AndroidManifest.xml:23:9-27:75
174            android:name="com.google.android.gms.auth.api.signin.internal.SignInHubActivity"
174-->[com.google.android.gms:play-services-auth:20.7.0] AndroidManifest.xml:24:13-93
175            android:excludeFromRecents="true"
175-->[com.google.android.gms:play-services-auth:20.7.0] AndroidManifest.xml:25:13-46
176            android:exported="false"
176-->[com.google.android.gms:play-services-auth:20.7.0] AndroidManifest.xml:26:13-37
177            android:theme="@android:style/Theme.Translucent.NoTitleBar" />
177-->[com.google.android.gms:play-services-auth:20.7.0] AndroidManifest.xml:27:13-72
178        <!--
179            Service handling Google Sign-In user revocation. For apps that do not integrate with
180            Google Sign-In, this service will never be started.
181        -->
182        <service
182-->[com.google.android.gms:play-services-auth:20.7.0] AndroidManifest.xml:33:9-37:51
183            android:name="com.google.android.gms.auth.api.signin.RevocationBoundService"
183-->[com.google.android.gms:play-services-auth:20.7.0] AndroidManifest.xml:34:13-89
184            android:exported="true"
184-->[com.google.android.gms:play-services-auth:20.7.0] AndroidManifest.xml:35:13-36
185            android:permission="com.google.android.gms.auth.api.signin.permission.REVOCATION_NOTIFICATION"
185-->[com.google.android.gms:play-services-auth:20.7.0] AndroidManifest.xml:36:13-107
186            android:visibleToInstantApps="true" />
186-->[com.google.android.gms:play-services-auth:20.7.0] AndroidManifest.xml:37:13-48
187        <service
187-->[com.google.firebase:firebase-auth-ktx:22.3.1] AndroidManifest.xml:8:9-14:19
188            android:name="com.google.firebase.components.ComponentDiscoveryService"
188-->[com.google.firebase:firebase-auth-ktx:22.3.1] AndroidManifest.xml:9:13-84
189            android:directBootAware="true"
189-->[com.google.firebase:firebase-common:20.4.2] AndroidManifest.xml:32:13-43
190            android:exported="false" >
190-->[com.google.firebase:firebase-auth-ktx:22.3.1] AndroidManifest.xml:10:13-37
191            <meta-data
191-->[com.google.firebase:firebase-auth-ktx:22.3.1] AndroidManifest.xml:11:13-13:85
192                android:name="com.google.firebase.components:com.google.firebase.auth.ktx.FirebaseAuthLegacyRegistrar"
192-->[com.google.firebase:firebase-auth-ktx:22.3.1] AndroidManifest.xml:12:17-119
193                android:value="com.google.firebase.components.ComponentRegistrar" />
193-->[com.google.firebase:firebase-auth-ktx:22.3.1] AndroidManifest.xml:13:17-82
194            <meta-data
194-->[com.google.firebase:firebase-auth:22.3.1] AndroidManifest.xml:69:13-71:85
195                android:name="com.google.firebase.components:com.google.firebase.auth.FirebaseAuthRegistrar"
195-->[com.google.firebase:firebase-auth:22.3.1] AndroidManifest.xml:70:17-109
196                android:value="com.google.firebase.components.ComponentRegistrar" />
196-->[com.google.firebase:firebase-auth:22.3.1] AndroidManifest.xml:71:17-82
197            <meta-data
197-->[com.google.firebase:firebase-common-ktx:20.4.2] AndroidManifest.xml:12:13-14:85
198                android:name="com.google.firebase.components:com.google.firebase.ktx.FirebaseCommonLegacyRegistrar"
198-->[com.google.firebase:firebase-common-ktx:20.4.2] AndroidManifest.xml:13:17-116
199                android:value="com.google.firebase.components.ComponentRegistrar" />
199-->[com.google.firebase:firebase-common-ktx:20.4.2] AndroidManifest.xml:14:17-82
200            <meta-data
200-->[com.google.firebase:firebase-common:20.4.2] AndroidManifest.xml:35:13-37:85
201                android:name="com.google.firebase.components:com.google.firebase.FirebaseCommonKtxRegistrar"
201-->[com.google.firebase:firebase-common:20.4.2] AndroidManifest.xml:36:17-109
202                android:value="com.google.firebase.components.ComponentRegistrar" />
202-->[com.google.firebase:firebase-common:20.4.2] AndroidManifest.xml:37:17-82
203        </service>
204
205        <activity
205-->[com.google.firebase:firebase-auth:22.3.1] AndroidManifest.xml:29:9-46:20
206            android:name="com.google.firebase.auth.internal.GenericIdpActivity"
206-->[com.google.firebase:firebase-auth:22.3.1] AndroidManifest.xml:30:13-80
207            android:excludeFromRecents="true"
207-->[com.google.firebase:firebase-auth:22.3.1] AndroidManifest.xml:31:13-46
208            android:exported="true"
208-->[com.google.firebase:firebase-auth:22.3.1] AndroidManifest.xml:32:13-36
209            android:launchMode="singleTask"
209-->[com.google.firebase:firebase-auth:22.3.1] AndroidManifest.xml:33:13-44
210            android:theme="@android:style/Theme.Translucent.NoTitleBar" >
210-->[com.google.firebase:firebase-auth:22.3.1] AndroidManifest.xml:34:13-72
211            <intent-filter>
211-->[com.google.firebase:firebase-auth:22.3.1] AndroidManifest.xml:35:13-45:29
212                <action android:name="android.intent.action.VIEW" />
212-->src/main/AndroidManifest.xml:35:17-69
212-->src/main/AndroidManifest.xml:35:25-66
213
214                <category android:name="android.intent.category.DEFAULT" />
214-->src/main/AndroidManifest.xml:36:17-76
214-->src/main/AndroidManifest.xml:36:27-73
215                <category android:name="android.intent.category.BROWSABLE" />
215-->src/main/AndroidManifest.xml:37:17-78
215-->src/main/AndroidManifest.xml:37:27-75
216
217                <data
217-->src/main/AndroidManifest.xml:39:17-41:43
218                    android:host="firebase.auth"
218-->src/main/AndroidManifest.xml:41:21-40
219                    android:path="/"
220                    android:scheme="genericidp" />
220-->src/main/AndroidManifest.xml:40:21-41
221            </intent-filter>
222        </activity>
223        <activity
223-->[com.google.firebase:firebase-auth:22.3.1] AndroidManifest.xml:47:9-64:20
224            android:name="com.google.firebase.auth.internal.RecaptchaActivity"
224-->[com.google.firebase:firebase-auth:22.3.1] AndroidManifest.xml:48:13-79
225            android:excludeFromRecents="true"
225-->[com.google.firebase:firebase-auth:22.3.1] AndroidManifest.xml:49:13-46
226            android:exported="true"
226-->[com.google.firebase:firebase-auth:22.3.1] AndroidManifest.xml:50:13-36
227            android:launchMode="singleTask"
227-->[com.google.firebase:firebase-auth:22.3.1] AndroidManifest.xml:51:13-44
228            android:theme="@android:style/Theme.Translucent.NoTitleBar" >
228-->[com.google.firebase:firebase-auth:22.3.1] AndroidManifest.xml:52:13-72
229            <intent-filter>
229-->[com.google.firebase:firebase-auth:22.3.1] AndroidManifest.xml:53:13-63:29
230                <action android:name="android.intent.action.VIEW" />
230-->src/main/AndroidManifest.xml:35:17-69
230-->src/main/AndroidManifest.xml:35:25-66
231
232                <category android:name="android.intent.category.DEFAULT" />
232-->src/main/AndroidManifest.xml:36:17-76
232-->src/main/AndroidManifest.xml:36:27-73
233                <category android:name="android.intent.category.BROWSABLE" />
233-->src/main/AndroidManifest.xml:37:17-78
233-->src/main/AndroidManifest.xml:37:27-75
234
235                <data
235-->src/main/AndroidManifest.xml:39:17-41:43
236                    android:host="firebase.auth"
236-->src/main/AndroidManifest.xml:41:21-40
237                    android:path="/"
238                    android:scheme="recaptcha" />
238-->src/main/AndroidManifest.xml:40:21-41
239            </intent-filter>
240        </activity>
241        <activity
241-->[com.google.android.gms:play-services-base:18.0.1] AndroidManifest.xml:20:9-22:45
242            android:name="com.google.android.gms.common.api.GoogleApiActivity"
242-->[com.google.android.gms:play-services-base:18.0.1] AndroidManifest.xml:20:19-85
243            android:exported="false"
243-->[com.google.android.gms:play-services-base:18.0.1] AndroidManifest.xml:22:19-43
244            android:theme="@android:style/Theme.Translucent.NoTitleBar" />
244-->[com.google.android.gms:play-services-base:18.0.1] AndroidManifest.xml:21:19-78
245
246        <provider
246-->[com.google.firebase:firebase-common:20.4.2] AndroidManifest.xml:23:9-28:39
247            android:name="com.google.firebase.provider.FirebaseInitProvider"
247-->[com.google.firebase:firebase-common:20.4.2] AndroidManifest.xml:24:13-77
248            android:authorities="com.techducat.ajo.firebaseinitprovider"
248-->[com.google.firebase:firebase-common:20.4.2] AndroidManifest.xml:25:13-72
249            android:directBootAware="true"
249-->[com.google.firebase:firebase-common:20.4.2] AndroidManifest.xml:26:13-43
250            android:exported="false"
250-->[com.google.firebase:firebase-common:20.4.2] AndroidManifest.xml:27:13-37
251            android:initOrder="100" />
251-->[com.google.firebase:firebase-common:20.4.2] AndroidManifest.xml:28:13-36
252        <provider
252-->[androidx.work:work-runtime:2.8.1] AndroidManifest.xml:29:9-37:20
253            android:name="androidx.startup.InitializationProvider"
253-->[androidx.work:work-runtime:2.8.1] AndroidManifest.xml:30:13-67
254            android:authorities="com.techducat.ajo.androidx-startup"
254-->[androidx.work:work-runtime:2.8.1] AndroidManifest.xml:31:13-68
255            android:exported="false" >
255-->[androidx.work:work-runtime:2.8.1] AndroidManifest.xml:32:13-37
256            <meta-data
256-->[androidx.work:work-runtime:2.8.1] AndroidManifest.xml:34:13-36:52
257                android:name="androidx.work.WorkManagerInitializer"
257-->[androidx.work:work-runtime:2.8.1] AndroidManifest.xml:35:17-68
258                android:value="androidx.startup" />
258-->[androidx.work:work-runtime:2.8.1] AndroidManifest.xml:36:17-49
259            <meta-data
259-->[androidx.emoji2:emoji2:1.4.0] AndroidManifest.xml:29:13-31:52
260                android:name="androidx.emoji2.text.EmojiCompatInitializer"
260-->[androidx.emoji2:emoji2:1.4.0] AndroidManifest.xml:30:17-75
261                android:value="androidx.startup" />
261-->[androidx.emoji2:emoji2:1.4.0] AndroidManifest.xml:31:17-49
262            <meta-data
262-->[androidx.lifecycle:lifecycle-process:2.9.0] AndroidManifest.xml:29:13-31:52
263                android:name="androidx.lifecycle.ProcessLifecycleInitializer"
263-->[androidx.lifecycle:lifecycle-process:2.9.0] AndroidManifest.xml:30:17-78
264                android:value="androidx.startup" />
264-->[androidx.lifecycle:lifecycle-process:2.9.0] AndroidManifest.xml:31:17-49
265            <meta-data
265-->[androidx.profileinstaller:profileinstaller:1.4.0] AndroidManifest.xml:29:13-31:52
266                android:name="androidx.profileinstaller.ProfileInstallerInitializer"
266-->[androidx.profileinstaller:profileinstaller:1.4.0] AndroidManifest.xml:30:17-85
267                android:value="androidx.startup" />
267-->[androidx.profileinstaller:profileinstaller:1.4.0] AndroidManifest.xml:31:17-49
268        </provider>
269
270        <service
270-->[androidx.work:work-runtime:2.8.1] AndroidManifest.xml:39:9-45:35
271            android:name="androidx.work.impl.background.systemalarm.SystemAlarmService"
271-->[androidx.work:work-runtime:2.8.1] AndroidManifest.xml:40:13-88
272            android:directBootAware="false"
272-->[androidx.work:work-runtime:2.8.1] AndroidManifest.xml:41:13-44
273            android:enabled="@bool/enable_system_alarm_service_default"
273-->[androidx.work:work-runtime:2.8.1] AndroidManifest.xml:42:13-72
274            android:exported="false" />
274-->[androidx.work:work-runtime:2.8.1] AndroidManifest.xml:43:13-37
275        <service
275-->[androidx.work:work-runtime:2.8.1] AndroidManifest.xml:46:9-52:35
276            android:name="androidx.work.impl.background.systemjob.SystemJobService"
276-->[androidx.work:work-runtime:2.8.1] AndroidManifest.xml:47:13-84
277            android:directBootAware="false"
277-->[androidx.work:work-runtime:2.8.1] AndroidManifest.xml:48:13-44
278            android:enabled="@bool/enable_system_job_service_default"
278-->[androidx.work:work-runtime:2.8.1] AndroidManifest.xml:49:13-70
279            android:exported="true"
279-->[androidx.work:work-runtime:2.8.1] AndroidManifest.xml:50:13-36
280            android:permission="android.permission.BIND_JOB_SERVICE" />
280-->[androidx.work:work-runtime:2.8.1] AndroidManifest.xml:51:13-69
281        <service
281-->[androidx.work:work-runtime:2.8.1] AndroidManifest.xml:53:9-59:35
282            android:name="androidx.work.impl.foreground.SystemForegroundService"
282-->[androidx.work:work-runtime:2.8.1] AndroidManifest.xml:54:13-81
283            android:directBootAware="false"
283-->[androidx.work:work-runtime:2.8.1] AndroidManifest.xml:55:13-44
284            android:enabled="@bool/enable_system_foreground_service_default"
284-->[androidx.work:work-runtime:2.8.1] AndroidManifest.xml:56:13-77
285            android:exported="false" />
285-->[androidx.work:work-runtime:2.8.1] AndroidManifest.xml:57:13-37
286
287        <receiver
287-->[androidx.work:work-runtime:2.8.1] AndroidManifest.xml:61:9-66:35
288            android:name="androidx.work.impl.utils.ForceStopRunnable$BroadcastReceiver"
288-->[androidx.work:work-runtime:2.8.1] AndroidManifest.xml:62:13-88
289            android:directBootAware="false"
289-->[androidx.work:work-runtime:2.8.1] AndroidManifest.xml:63:13-44
290            android:enabled="true"
290-->[androidx.work:work-runtime:2.8.1] AndroidManifest.xml:64:13-35
291            android:exported="false" />
291-->[androidx.work:work-runtime:2.8.1] AndroidManifest.xml:65:13-37
292        <receiver
292-->[androidx.work:work-runtime:2.8.1] AndroidManifest.xml:67:9-77:20
293            android:name="androidx.work.impl.background.systemalarm.ConstraintProxy$BatteryChargingProxy"
293-->[androidx.work:work-runtime:2.8.1] AndroidManifest.xml:68:13-106
294            android:directBootAware="false"
294-->[androidx.work:work-runtime:2.8.1] AndroidManifest.xml:69:13-44
295            android:enabled="false"
295-->[androidx.work:work-runtime:2.8.1] AndroidManifest.xml:70:13-36
296            android:exported="false" >
296-->[androidx.work:work-runtime:2.8.1] AndroidManifest.xml:71:13-37
297            <intent-filter>
297-->[androidx.work:work-runtime:2.8.1] AndroidManifest.xml:73:13-76:29
298                <action android:name="android.intent.action.ACTION_POWER_CONNECTED" />
298-->[androidx.work:work-runtime:2.8.1] AndroidManifest.xml:74:17-87
298-->[androidx.work:work-runtime:2.8.1] AndroidManifest.xml:74:25-84
299                <action android:name="android.intent.action.ACTION_POWER_DISCONNECTED" />
299-->[androidx.work:work-runtime:2.8.1] AndroidManifest.xml:75:17-90
299-->[androidx.work:work-runtime:2.8.1] AndroidManifest.xml:75:25-87
300            </intent-filter>
301        </receiver>
302        <receiver